c:\users\thear\documents\college\year 2\engineering data structures summer 2023\lab 6\fprojgrpassignment-6\fprojgrpassignment-6\x64\debug\vc143.pdb
c:\users\thear\documents\college\year 2\engineering data structures summer 2023\lab 6\fprojgrpassignment-6\fprojgrpassignment-6\x64\debug\vc143.idb
c:\users\thear\documents\college\year 2\engineering data structures summer 2023\lab 6\fprojgrpassignment-6\fprojgrpassignment-6\x64\debug\ui.obj
c:\users\thear\documents\college\year 2\engineering data structures summer 2023\lab 6\fprojgrpassignment-6\fprojgrpassignment-6\x64\debug\student.obj
c:\users\thear\documents\college\year 2\engineering data structures summer 2023\lab 6\fprojgrpassignment-6\fprojgrpassignment-6\x64\debug\radix.obj
c:\users\thear\documents\college\year 2\engineering data structures summer 2023\lab 6\fprojgrpassignment-6\fprojgrpassignment-6\x64\debug\quick.obj
c:\users\thear\documents\college\year 2\engineering data structures summer 2023\lab 6\fprojgrpassignment-6\fprojgrpassignment-6\x64\debug\node.obj
c:\users\thear\documents\college\year 2\engineering data structures summer 2023\lab 6\fprojgrpassignment-6\fprojgrpassignment-6\x64\debug\merge.obj
c:\users\thear\documents\college\year 2\engineering data structures summer 2023\lab 6\fprojgrpassignment-6\fprojgrpassignment-6\x64\debug\linkedlist.obj
c:\users\thear\documents\college\year 2\engineering data structures summer 2023\lab 6\fprojgrpassignment-6\fprojgrpassignment-6\x64\debug\insertion.obj
c:\users\thear\documents\college\year 2\engineering data structures summer 2023\lab 6\fprojgrpassignment-6\fprojgrpassignment-6\x64\debug\heap.obj
c:\users\thear\documents\college\year 2\engineering data structures summer 2023\lab 6\fprojgrpassignment-6\fprojgrpassignment-6\x64\debug\counting.obj
c:\users\thear\documents\college\year 2\engineering data structures summer 2023\lab 6\fprojgrpassignment-6\fprojgrpassignment-6\x64\debug\bubble.obj
c:\users\thear\documents\college\year 2\engineering data structures summer 2023\lab 6\fprojgrpassignment-6\fprojgrpassignment-6\x64\debug\fprojgrpassignment-6.ilk
c:\users\thear\documents\college\year 2\engineering data structures summer 2023\lab 6\fprojgrpassignment-6\x64\debug\fprojgrpassignment-6.pdb
c:\users\thear\documents\college\year 2\engineering data structures summer 2023\lab 6\fprojgrpassignment-6\x64\debug\fprojgrpassignment-6.exe
c:\users\thear\documents\college\year 2\engineering data structures summer 2023\lab 6\fprojgrpassignment-6\fprojgrpassignment-6\x64\debug\fprojgrp.76520782.tlog\cl.command.1.tlog
c:\users\thear\documents\college\year 2\engineering data structures summer 2023\lab 6\fprojgrpassignment-6\fprojgrpassignment-6\x64\debug\fprojgrp.76520782.tlog\cl.read.1.tlog
c:\users\thear\documents\college\year 2\engineering data structures summer 2023\lab 6\fprojgrpassignment-6\fprojgrpassignment-6\x64\debug\fprojgrp.76520782.tlog\cl.write.1.tlog
c:\users\thear\documents\college\year 2\engineering data structures summer 2023\lab 6\fprojgrpassignment-6\fprojgrpassignment-6\x64\debug\fprojgrp.76520782.tlog\link.command.1.tlog
c:\users\thear\documents\college\year 2\engineering data structures summer 2023\lab 6\fprojgrpassignment-6\fprojgrpassignment-6\x64\debug\fprojgrp.76520782.tlog\link.read.1.tlog
c:\users\thear\documents\college\year 2\engineering data structures summer 2023\lab 6\fprojgrpassignment-6\fprojgrpassignment-6\x64\debug\fprojgrp.76520782.tlog\link.write.1.tlog
